Determining if the pthread_create exist failed with the following output:
Change Dir: /home/ethietter/fiore-ipp/ipp-15-16/catkin_ws/build/CMakeFiles/CMakeTmp

Run Build Command:/usr/bin/make "cmTryCompileExec769766778/fast"
/usr/bin/make -f CMakeFiles/cmTryCompileExec769766778.dir/build.make CMakeFiles/cmTryCompileExec769766778.dir/build
make[1]: Entering directory `/home/ethietter/fiore-ipp/ipp-15-16/catkin_ws/build/CMakeFiles/CMakeTmp'
/usr/bin/cmake -E cmake_progress_report /home/ethietter/fiore-ipp/ipp-15-16/catkin_ws/build/CMakeFiles/CMakeTmp/CMakeFiles 1
Building C object CMakeFiles/cmTryCompileExec769766778.dir/CheckSymbolExists.c.o
/usr/bin/cc    -o CMakeFiles/cmTryCompileExec769766778.dir/CheckSymbolExists.c.o   -c /home/ethietter/fiore-ipp/ipp-15-16/catkin_ws/build/CMakeFiles/CMakeTmp/CheckSymbolExists.c
Linking C executable cmTryCompileExec769766778
/usr/bin/cmake -E cmake_link_script CMakeFiles/cmTryCompileExec769766778.dir/link.txt --verbose=1
/usr/bin/cc       CMakeFiles/cmTryCompileExec769766778.dir/CheckSymbolExists.c.o  -o cmTryCompileExec769766778 -rdynamic 
CMakeFiles/cmTryCompileExec769766778.dir/CheckSymbolExists.c.o: In function `main':
CheckSymbolExists.c:(.text+0x16): undefined reference to `pthread_create'
collect2: error: ld returned 1 exit status
make[1]: Leaving directory `/home/ethietter/fiore-ipp/ipp-15-16/catkin_ws/build/CMakeFiles/CMakeTmp'
make[1]: *** [cmTryCompileExec769766778] Error 1
make: *** [cmTryCompileExec769766778/fast] Error 2

File /home/ethietter/fiore-ipp/ipp-15-16/catkin_ws/build/CMakeFiles/CMakeTmp/CheckSymbolExists.c:
/* */
#include <pthread.h>

int main(int argc, char** argv)
{
  (void)argv;
#ifndef pthread_create
  return ((int*)(&pthread_create))[argc];
#else
  (void)argc;
  return 0;
#endif
}

Determining if the function pthread_create exists in the pthreads failed with the following output:
Change Dir: /home/ethietter/fiore-ipp/ipp-15-16/catkin_ws/build/CMakeFiles/CMakeTmp

Run Build Command:/usr/bin/make "cmTryCompileExec2012603032/fast"
/usr/bin/make -f CMakeFiles/cmTryCompileExec2012603032.dir/build.make CMakeFiles/cmTryCompileExec2012603032.dir/build
make[1]: Entering directory `/home/ethietter/fiore-ipp/ipp-15-16/catkin_ws/build/CMakeFiles/CMakeTmp'
/usr/bin/cmake -E cmake_progress_report /home/ethietter/fiore-ipp/ipp-15-16/catkin_ws/build/CMakeFiles/CMakeTmp/CMakeFiles 1
Building C object CMakeFiles/cmTryCompileExec2012603032.dir/CheckFunctionExists.c.o
/usr/bin/cc   -DCHECK_FUNCTION_EXISTS=pthread_create   -o CMakeFiles/cmTryCompileExec2012603032.dir/CheckFunctionExists.c.o   -c /usr/share/cmake-2.8/Modules/CheckFunctionExists.c
Linking C executable cmTryCompileExec2012603032
/usr/bin/cmake -E cmake_link_script CMakeFiles/cmTryCompileExec2012603032.dir/link.txt --verbose=1
/usr/bin/cc   -DCHECK_FUNCTION_EXISTS=pthread_create    CMakeFiles/cmTryCompileExec2012603032.dir/CheckFunctionExists.c.o  -o cmTryCompileExec2012603032 -rdynamic -lpthreads 
/usr/bin/ld: cannot find -lpthreads
collect2: error: ld returned 1 exit status
make[1]: Leaving directory `/home/ethietter/fiore-ipp/ipp-15-16/catkin_ws/build/CMakeFiles/CMakeTmp'
make[1]: *** [cmTryCompileExec2012603032] Error 1
make: *** [cmTryCompileExec2012603032/fast] Error 2


